<?xml version="1.0" encoding="UTF-8"?>
<!-- Generated by org.testng.reporters.JUnitReportReporter -->
<testsuite hostname="DESKTOP-HFVGVI8" failures="0" tests="1" name="testCase.TestCases" time="0.722" errors="0" timestamp="2020-01-07T10:07:15 IST" skipped="0">
  <testcase classname="testCase.TestCases" name="Login" time="0.722"/>
  <system-out/>
</testsuite> <!-- testCase.TestCases -->
